[INFO] 2021-12-25 21:40:46,472 : Added key: store_based_barrier_key:1 to store for rank: 0
[INFO] 2021-12-25 21:40:48,233 : SentencePiece loaded at ./data/en.model
[INFO] 2021-12-25 21:40:48,243 : SentencePiece loaded at ./data/ch.model
[INFO] 2021-12-25 21:40:48,273 : SentencePiece loaded at ./data/en.model
[INFO] 2021-12-25 21:40:48,282 : SentencePiece loaded at ./data/ch.model
[INFO] 2021-12-25 21:40:48,309 : SentencePiece loaded at ./data/en.model
[INFO] 2021-12-25 21:40:48,320 : SentencePiece loaded at ./data/ch.model
[INFO] 2021-12-25 21:40:48,320 : -------- Dataset Build! --------
[INFO] 2021-12-25 21:40:48,320 : -------- Get Dataloader! --------
[INFO] 2021-12-25 21:40:59,417 : finish Loading model
[INFO] 2021-12-25 21:41:00,731 : Finish initing all processors.
[INFO] 2021-12-25 21:41:00,731 : Scheduler: total_steps:25720.0, warmup_steps:2572.0
[INFO] 2021-12-25 21:41:00,732 : ------ Start Training! ------
[INFO] 2021-12-25 21:41:00,733 : [Epoch 1/ Rank 0] Trainging...
[INFO] 2021-12-25 21:41:02,062 : Reducer buckets have been rebuilt in this iteration.
[INFO] 2021-12-25 21:43:42,093 : Epoch:  1, loss: 8.836
[INFO] 2021-12-25 21:43:42,094 : [Epoch 1] Validating...
[INFO] 2021-12-25 21:43:42,104 : SentencePiece loaded at ./data/ch.model
[INFO] 2021-12-25 21:44:32,865 : dev dataset evaluation finished, saved at ./output/temp/dev_rank_0
[INFO] 2021-12-25 21:44:38,457 : Epoch:  1 Dev Bleu Score: BLEU = 0.01 14.9/1.0/0.0/0.0 (BP = 0.044 ratio = 0.242 hyp_len = 137316 ref_len = 567172)
[INFO] 2021-12-25 21:44:39,899 : [Epoch 1] Module saved!
[INFO] 2021-12-25 21:44:41,228 : Best Module in [Epoch 1] saved!
[INFO] 2021-12-25 21:44:41,228 : [Epoch 2/ Rank 0] Trainging...
[INFO] 2021-12-25 21:47:16,108 : Epoch:  2, loss: 7.614
[INFO] 2021-12-25 21:47:16,108 : [Epoch 2] Validating...
[INFO] 2021-12-25 21:47:16,119 : SentencePiece loaded at ./data/ch.model
[INFO] 2021-12-25 21:49:17,679 : dev dataset evaluation finished, saved at ./output/temp/dev_rank_0
[INFO] 2021-12-25 21:49:27,180 : Epoch:  2 Dev Bleu Score: BLEU = 0.27 10.5/1.8/0.1/0.0 (BP = 0.851 ratio = 0.861 hyp_len = 488136 ref_len = 567172)
[INFO] 2021-12-25 21:49:28,611 : [Epoch 2] Module saved!
[INFO] 2021-12-25 21:49:30,002 : Best Module in [Epoch 2] saved!
[INFO] 2021-12-25 21:49:30,002 : [Epoch 3/ Rank 0] Trainging...
[INFO] 2021-12-25 21:52:06,531 : Epoch:  3, loss: 7.036
[INFO] 2021-12-25 21:52:06,531 : [Epoch 3] Validating...
[INFO] 2021-12-25 21:52:06,541 : SentencePiece loaded at ./data/ch.model
[INFO] 2021-12-25 21:54:02,259 : dev dataset evaluation finished, saved at ./output/temp/dev_rank_0
[INFO] 2021-12-25 21:54:17,517 : Epoch:  3 Dev Bleu Score: BLEU = 1.43 16.0/4.1/0.6/0.1 (BP = 0.973 ratio = 0.973 hyp_len = 552012 ref_len = 567172)
[INFO] 2021-12-25 21:54:18,951 : [Epoch 3] Module saved!
[INFO] 2021-12-25 21:54:20,346 : Best Module in [Epoch 3] saved!
[INFO] 2021-12-25 21:54:20,346 : [Epoch 4/ Rank 0] Trainging...
[INFO] 2021-12-25 21:56:57,821 : Epoch:  4, loss: 6.473
[INFO] 2021-12-25 21:56:57,822 : [Epoch 4] Validating...
[INFO] 2021-12-25 21:56:57,832 : SentencePiece loaded at ./data/ch.model
[INFO] 2021-12-25 21:58:16,878 : dev dataset evaluation finished, saved at ./output/temp/dev_rank_0
[INFO] 2021-12-25 21:58:24,268 : Epoch:  4 Dev Bleu Score: BLEU = 2.97 27.7/8.9/2.2/0.6 (BP = 0.693 ratio = 0.732 hyp_len = 415070 ref_len = 567172)
[INFO] 2021-12-25 21:58:25,705 : [Epoch 4] Module saved!
[INFO] 2021-12-25 21:58:27,110 : Best Module in [Epoch 4] saved!
[INFO] 2021-12-25 21:58:27,110 : [Epoch 5/ Rank 0] Trainging...
[INFO] 2021-12-25 22:01:04,508 : Epoch:  5, loss: 5.956
[INFO] 2021-12-25 22:01:04,509 : [Epoch 5] Validating...
[INFO] 2021-12-25 22:01:04,519 : SentencePiece loaded at ./data/ch.model
[INFO] 2021-12-25 22:02:32,697 : dev dataset evaluation finished, saved at ./output/temp/dev_rank_0
[INFO] 2021-12-25 22:02:44,876 : Epoch:  5 Dev Bleu Score: BLEU = 5.11 28.1/10.1/3.0/1.0 (BP = 0.943 ratio = 0.945 hyp_len = 535737 ref_len = 567172)
[INFO] 2021-12-25 22:02:46,309 : [Epoch 5] Module saved!
[INFO] 2021-12-25 22:02:47,708 : Best Module in [Epoch 5] saved!
[INFO] 2021-12-25 22:02:47,709 : [Epoch 6/ Rank 0] Trainging...
[INFO] 2021-12-25 22:05:23,262 : Epoch:  6, loss: 5.477
[INFO] 2021-12-25 22:05:23,262 : [Epoch 6] Validating...
[INFO] 2021-12-25 22:05:23,273 : SentencePiece loaded at ./data/ch.model
[INFO] 2021-12-25 22:06:19,190 : dev dataset evaluation finished, saved at ./output/temp/dev_rank_0
[INFO] 2021-12-25 22:06:30,898 : Epoch:  6 Dev Bleu Score: BLEU = 5.16 37.6/14.5/4.6/1.7 (BP = 0.641 ratio = 0.692 hyp_len = 392476 ref_len = 567172)
[INFO] 2021-12-25 22:06:32,342 : [Epoch 6] Module saved!
[INFO] 2021-12-25 22:06:33,752 : Best Module in [Epoch 6] saved!
[INFO] 2021-12-25 22:06:33,752 : [Epoch 7/ Rank 0] Trainging...
[INFO] 2021-12-25 22:09:11,086 : Epoch:  7, loss: 5.069
[INFO] 2021-12-25 22:09:11,086 : [Epoch 7] Validating...
[INFO] 2021-12-25 22:09:11,096 : SentencePiece loaded at ./data/ch.model
[INFO] 2021-12-25 22:10:38,597 : dev dataset evaluation finished, saved at ./output/temp/dev_rank_0
[INFO] 2021-12-25 22:10:48,116 : Epoch:  7 Dev Bleu Score: BLEU = 7.03 33.0/12.9/4.3/1.6 (BP = 0.957 ratio = 0.958 hyp_len = 543152 ref_len = 567172)
[INFO] 2021-12-25 22:10:49,560 : [Epoch 7] Module saved!
[INFO] 2021-12-25 22:10:50,964 : Best Module in [Epoch 7] saved!
[INFO] 2021-12-25 22:10:50,964 : [Epoch 8/ Rank 0] Trainging...
[INFO] 2021-12-25 22:13:24,097 : Epoch:  8, loss: 4.703
[INFO] 2021-12-25 22:13:24,098 : [Epoch 8] Validating...
[INFO] 2021-12-25 22:13:24,109 : SentencePiece loaded at ./data/ch.model
[INFO] 2021-12-25 22:14:50,065 : dev dataset evaluation finished, saved at ./output/temp/dev_rank_0
[INFO] 2021-12-25 22:15:00,020 : Epoch:  8 Dev Bleu Score: BLEU = 7.65 34.3/13.7/4.7/1.8 (BP = 0.962 ratio = 0.962 hyp_len = 545885 ref_len = 567172)
[INFO] 2021-12-25 22:15:01,466 : [Epoch 8] Module saved!
[INFO] 2021-12-25 22:15:02,867 : Best Module in [Epoch 8] saved!
[INFO] 2021-12-25 22:15:02,868 : [Epoch 9/ Rank 0] Trainging...
[INFO] 2021-12-25 22:17:43,181 : Epoch:  9, loss: 4.377
[INFO] 2021-12-25 22:17:43,181 : [Epoch 9] Validating...
[INFO] 2021-12-25 22:17:43,192 : SentencePiece loaded at ./data/ch.model
[INFO] 2021-12-25 22:18:36,336 : dev dataset evaluation finished, saved at ./output/temp/dev_rank_0
[INFO] 2021-12-25 22:18:43,939 : Epoch:  9 Dev Bleu Score: BLEU = 6.72 42.5/17.4/6.2/2.5 (BP = 0.649 ratio = 0.698 hyp_len = 396087 ref_len = 567172)
[INFO] 2021-12-25 22:18:45,370 : [Epoch 9] Module saved!
[INFO] 2021-12-25 22:18:45,370 : [Epoch 10/ Rank 0] Trainging...
[INFO] 2021-12-25 22:21:22,858 : Epoch: 10, loss: 4.090
[INFO] 2021-12-25 22:21:22,858 : [Epoch 10] Validating...
[INFO] 2021-12-25 22:21:22,868 : SentencePiece loaded at ./data/ch.model
[INFO] 2021-12-25 22:22:31,787 : dev dataset evaluation finished, saved at ./output/temp/dev_rank_0
[INFO] 2021-12-25 22:22:44,156 : Epoch: 10 Dev Bleu Score: BLEU = 7.79 38.5/15.5/5.5/2.2 (BP = 0.848 ratio = 0.859 hyp_len = 487138 ref_len = 567172)
[INFO] 2021-12-25 22:22:45,613 : [Epoch 10] Module saved!
[INFO] 2021-12-25 22:22:47,031 : Best Module in [Epoch 10] saved!
[INFO] 2021-12-25 22:22:47,032 : [Epoch 11/ Rank 0] Trainging...
[INFO] 2021-12-25 22:25:21,253 : Epoch: 11, loss: 3.823
[INFO] 2021-12-25 22:25:21,253 : [Epoch 11] Validating...
[INFO] 2021-12-25 22:25:21,264 : SentencePiece loaded at ./data/ch.model
[INFO] 2021-12-25 22:26:40,186 : dev dataset evaluation finished, saved at ./output/temp/dev_rank_0
[INFO] 2021-12-25 22:26:52,761 : Epoch: 11 Dev Bleu Score: BLEU = 8.54 36.7/14.8/5.3/2.1 (BP = 0.967 ratio = 0.968 hyp_len = 548955 ref_len = 567172)
[INFO] 2021-12-25 22:26:54,206 : [Epoch 11] Module saved!
[INFO] 2021-12-25 22:26:55,607 : Best Module in [Epoch 11] saved!
[INFO] 2021-12-25 22:26:55,607 : [Epoch 12/ Rank 0] Trainging...
[INFO] 2021-12-25 22:29:29,493 : Epoch: 12, loss: 3.570
[INFO] 2021-12-25 22:29:29,493 : [Epoch 12] Validating...
[INFO] 2021-12-25 22:29:29,504 : SentencePiece loaded at ./data/ch.model
[INFO] 2021-12-25 22:30:54,505 : dev dataset evaluation finished, saved at ./output/temp/dev_rank_0
[INFO] 2021-12-25 22:31:04,719 : Epoch: 12 Dev Bleu Score: BLEU = 8.63 35.8/14.4/5.2/2.1 (BP = 1.000 ratio = 1.040 hyp_len = 589705 ref_len = 567172)
[INFO] 2021-12-25 22:31:06,166 : [Epoch 12] Module saved!
[INFO] 2021-12-25 22:31:07,562 : Best Module in [Epoch 12] saved!
[INFO] 2021-12-25 22:31:07,562 : [Epoch 13/ Rank 0] Trainging...
[INFO] 2021-12-25 22:33:43,985 : Epoch: 13, loss: 3.336
[INFO] 2021-12-25 22:33:43,985 : [Epoch 13] Validating...
[INFO] 2021-12-25 22:33:43,996 : SentencePiece loaded at ./data/ch.model
[INFO] 2021-12-25 22:34:46,563 : dev dataset evaluation finished, saved at ./output/temp/dev_rank_0
[INFO] 2021-12-25 22:34:55,466 : Epoch: 13 Dev Bleu Score: BLEU = 8.18 40.3/16.3/5.8/2.3 (BP = 0.842 ratio = 0.853 hyp_len = 484060 ref_len = 567172)
[INFO] 2021-12-25 22:34:56,915 : [Epoch 13] Module saved!
[INFO] 2021-12-25 22:34:56,915 : [Epoch 14/ Rank 0] Trainging...
[INFO] 2021-12-25 22:37:33,622 : Epoch: 14, loss: 3.128
[INFO] 2021-12-25 22:37:33,623 : [Epoch 14] Validating...
[INFO] 2021-12-25 22:37:33,634 : SentencePiece loaded at ./data/ch.model
[INFO] 2021-12-25 22:38:25,508 : dev dataset evaluation finished, saved at ./output/temp/dev_rank_0
[INFO] 2021-12-25 22:38:34,170 : Epoch: 14 Dev Bleu Score: BLEU = 7.45 43.2/17.5/6.3/2.6 (BP = 0.711 ratio = 0.746 hyp_len = 423017 ref_len = 567172)
[INFO] 2021-12-25 22:38:35,608 : [Epoch 14] Module saved!
[INFO] 2021-12-25 22:38:35,609 : [Epoch 15/ Rank 0] Trainging...
[INFO] 2021-12-25 22:41:12,272 : Epoch: 15, loss: 2.927
[INFO] 2021-12-25 22:41:12,272 : [Epoch 15] Validating...
[INFO] 2021-12-25 22:41:12,283 : SentencePiece loaded at ./data/ch.model
[INFO] 2021-12-25 22:42:14,402 : dev dataset evaluation finished, saved at ./output/temp/dev_rank_0
[INFO] 2021-12-25 22:42:20,652 : Epoch: 15 Dev Bleu Score: BLEU = 7.71 41.2/16.6/5.9/2.4 (BP = 0.782 ratio = 0.803 hyp_len = 455162 ref_len = 567172)
[INFO] 2021-12-25 22:42:22,091 : [Epoch 15] Module saved!
[INFO] 2021-12-25 22:42:22,092 : [Epoch 16/ Rank 0] Trainging...
[INFO] 2021-12-25 22:44:58,690 : Epoch: 16, loss: 2.735
[INFO] 2021-12-25 22:44:58,690 : [Epoch 16] Validating...
[INFO] 2021-12-25 22:44:58,701 : SentencePiece loaded at ./data/ch.model
[INFO] 2021-12-25 22:46:02,806 : dev dataset evaluation finished, saved at ./output/temp/dev_rank_0
[INFO] 2021-12-25 22:46:11,566 : Epoch: 16 Dev Bleu Score: BLEU = 7.89 40.5/16.2/5.8/2.3 (BP = 0.815 ratio = 0.830 hyp_len = 470977 ref_len = 567172)
[INFO] 2021-12-25 22:46:13,006 : [Epoch 16] Module saved!
[INFO] 2021-12-25 22:46:13,007 : [Epoch 17/ Rank 0] Trainging...
[INFO] 2021-12-25 22:48:50,884 : Epoch: 17, loss: 2.561
[INFO] 2021-12-25 22:48:50,884 : [Epoch 17] Validating...
[INFO] 2021-12-25 22:48:50,897 : SentencePiece loaded at ./data/ch.model
[INFO] 2021-12-25 22:49:50,506 : dev dataset evaluation finished, saved at ./output/temp/dev_rank_0
[INFO] 2021-12-25 22:49:59,829 : Epoch: 17 Dev Bleu Score: BLEU = 7.57 41.3/16.4/5.8/2.3 (BP = 0.774 ratio = 0.796 hyp_len = 451289 ref_len = 567172)
[INFO] 2021-12-25 22:50:01,268 : [Epoch 17] Module saved!
[INFO] 2021-12-25 22:50:01,269 : [Epoch 18/ Rank 0] Trainging...
[INFO] 2021-12-25 22:52:37,619 : Epoch: 18, loss: 2.400
[INFO] 2021-12-25 22:52:37,619 : [Epoch 18] Validating...
[INFO] 2021-12-25 22:52:37,631 : SentencePiece loaded at ./data/ch.model
[INFO] 2021-12-25 22:53:35,521 : dev dataset evaluation finished, saved at ./output/temp/dev_rank_0
[INFO] 2021-12-25 22:53:41,771 : Epoch: 18 Dev Bleu Score: BLEU = 7.56 41.8/16.6/5.9/2.4 (BP = 0.760 ratio = 0.785 hyp_len = 445035 ref_len = 567172)
[INFO] 2021-12-25 22:53:43,209 : [Epoch 18] Module saved!
[INFO] 2021-12-25 22:53:43,210 : [Epoch 19/ Rank 0] Trainging...
